2020-10-19 16:17:19,730 INFO Starting Nacos v1.3.2 on LAPTOP-B6SJBME2 with PID 11756 (D:\java project\com.liuzhe.springcloud\cloud2020\nacos\target\nacos-server.jar started by liuzhe in D:\java project\com.liuzhe.springcloud\cloud2020\nacos\bin)

2020-10-19 16:17:19,732 INFO The following profiles are active: standalone

2020-10-19 16:17:23,043 INFO Bean 'org.springframework.security.config.annotation.configuration.ObjectPostProcessorConfiguration' of type [org.springframework.security.config.annotation.configuration.ObjectPostProcessorConfiguration$$EnhancerBySpringCGLIB$$b5341279] is not eligible for getting processed by all BeanPostProcessors (for example: not eligible for auto-proxying)

2020-10-19 16:17:23,130 INFO Bean 'objectPostProcessor' of type [org.springframework.security.config.annotation.configuration.AutowireBeanFactoryObjectPostProcessor] is not eligible for getting processed by all BeanPostProcessors (for example: not eligible for auto-proxying)

2020-10-19 16:17:23,134 INFO Bean 'org.springframework.security.access.expression.method.DefaultMethodSecurityExpressionHandler@142eef62' of type [org.springframework.security.access.expression.method.DefaultMethodSecurityExpressionHandler] is not eligible for getting processed by all BeanPostProcessors (for example: not eligible for auto-proxying)

2020-10-19 16:17:23,138 INFO Bean 'org.springframework.security.config.annotation.method.configuration.GlobalMethodSecurityConfiguration' of type [org.springframework.security.config.annotation.method.configuration.GlobalMethodSecurityConfiguration$$EnhancerBySpringCGLIB$$da08b52b] is not eligible for getting processed by all BeanPostProcessors (for example: not eligible for auto-proxying)

2020-10-19 16:17:23,144 INFO Bean 'methodSecurityMetadataSource' of type [org.springframework.security.access.method.DelegatingMethodSecurityMetadataSource] is not eligible for getting processed by all BeanPostProcessors (for example: not eligible for auto-proxying)

2020-10-19 16:17:24,193 INFO Tomcat initialized with port(s): 8848 (http)

2020-10-19 16:17:24,231 INFO Starting service [Tomcat]

2020-10-19 16:17:24,232 INFO Starting Servlet Engine: Apache Tomcat/9.0.13

2020-10-19 16:17:24,245 INFO The APR based Apache Tomcat Native library which allows optimal performance in production environments was not found on the java.library.path: [E:\Java\bin;C:\WINDOWS\Sun\Java\bin;C:\WINDOWS\system32;C:\WINDOWS;E:\Xftp\;E:\Xshell\;E:\cuda development\bin;E:\cuda development\libnvvp;E:\Anaconda;E:\Anaconda\Library\mingw-w64\bin;E:\Anaconda\Library\usr\bin;E:\Anaconda\Library\bin;E:\Anaconda\Scripts;C:\Windows\system32;C:\Windows;C:\Windows\System32\Wbem;C:\Windows\System32\WindowsPowerShell\v1.0\;C:\Windows\System32\OpenSSH\;C:\Program Files (x86)\NVIDIA Corporation\PhysX\Common;C:\Program Files\NVIDIA Corporation\NVIDIA NvDLISR;E:\Java\bin;E:\Java\jre\bin;E:\Mysql\bin;E:\mingw\bin;C:\Program Files\MySQL\MySQL Utilities 1.6\;E:\apache-maven-3.6.3-bin\apache-maven-3.6.3\bin;C:\Program Files\NVIDIA Corporation\Nsight Compute 2019.5.0\;C:\WINDOWS\system32;C:\WINDOWS;C:\WINDOWS\System32\Wbem;C:\WINDOWS\System32\WindowsPowerShell\v1.0\;C:\WINDOWS\System32\OpenSSH\;E:\Node.js\;C:\Program Files\MySQL\MySQL Server 5.7\bin;E:\Git\cmd;C:\Program Files\Docker\Docker\resources\bin;C:\ProgramData\DockerDesktop\version-bin;C:\Users\liuzhe\AppData\Local\Microsoft\WindowsApps;E:\Bandizip\;C:\Users\liuzhe\AppData\Roaming\npm;.]

2020-10-19 16:17:24,360 INFO Initializing Spring embedded WebApplicationContext

2020-10-19 16:17:24,360 INFO Root WebApplicationContext: initialization completed in 4563 ms

2020-10-19 16:17:24,724 INFO HikariPool-1 - Starting...

2020-10-19 16:17:24,961 INFO HikariPool-1 - Start completed.

2020-10-19 16:17:25,681 INFO Nacos-related cluster resource initialization

2020-10-19 16:17:25,690 INFO The cluster resource is initialized

2020-10-19 16:17:26,129 INFO Reflections took 48 ms to scan 1 urls, producing 6 keys and 24 values 

2020-10-19 16:17:26,167 INFO Reflections took 5 ms to scan 1 urls, producing 2 keys and 12 values 

2020-10-19 16:17:26,176 INFO Reflections took 5 ms to scan 1 urls, producing 3 keys and 15 values 

2020-10-19 16:17:27,054 INFO Initializing ExecutorService 'applicationTaskExecutor'

2020-10-19 16:17:27,235 INFO Adding welcome page: class path resource [static/index.html]

2020-10-19 16:17:27,625 INFO Creating filter chain: Ant [pattern='/**'], []

2020-10-19 16:17:27,668 INFO Creating filter chain: any request, [org.springframework.security.web.context.request.async.WebAsyncManagerIntegrationFilter@bbd4791, org.springframework.security.web.context.SecurityContextPersistenceFilter@75e27856, org.springframework.security.web.header.HeaderWriterFilter@57fbc06f, org.springframework.security.web.csrf.CsrfFilter@df921b1, org.springframework.security.web.authentication.logout.LogoutFilter@22f4f8f2, org.springframework.security.web.savedrequest.RequestCacheAwareFilter@4f4c88f9, org.springframework.security.web.servletapi.SecurityContextHolderAwareRequestFilter@6b63e6ad, org.springframework.security.web.authentication.AnonymousAuthenticationFilter@40a72ecd, org.springframework.security.web.session.SessionManagementFilter@766a49c7, org.springframework.security.web.access.ExceptionTranslationFilter@3f018494]

2020-10-19 16:17:27,808 INFO Exposing 2 endpoint(s) beneath base path '/actuator'

2020-10-19 16:17:27,843 INFO Initializing ExecutorService 'taskScheduler'

2020-10-19 16:17:27,982 INFO Tomcat started on port(s): 8848 (http) with context path '/nacos'

2020-10-19 16:17:27,988 INFO Started Nacos in 10.628 seconds (JVM running for 11.7)

2020-10-19 16:17:27,988 INFO Nacos Log files: D:\java project\com.liuzhe.springcloud\cloud2020\nacos\logs

2020-10-19 16:17:27,991 INFO Nacos Log files: D:\java project\com.liuzhe.springcloud\cloud2020\nacos\conf

2020-10-19 16:17:27,992 INFO Nacos Log files: D:\java project\com.liuzhe.springcloud\cloud2020\nacos\data

2020-10-19 16:17:27,994 INFO Nacos started successfully in stand alone mode. use external storage

2020-10-19 16:22:06,777 INFO Initializing Spring DispatcherServlet 'dispatcherServlet'

2020-10-19 16:22:06,778 INFO Initializing Servlet 'dispatcherServlet'

2020-10-19 16:22:06,788 INFO Completed initialization in 9 ms

2020-10-19 16:27:26,412 INFO [capacityManagement] start correct usage

2020-10-19 16:27:26,422 INFO [capacityManagement] end correct usage, cost: 0s

2020-10-19 16:27:26,534 WARN clearConfigHistory start

2020-10-19 16:37:26,429 INFO [capacityManagement] start correct usage

2020-10-19 16:37:26,431 INFO [capacityManagement] end correct usage, cost: 0s

2020-10-19 16:37:26,552 WARN clearConfigHistory start

2020-10-19 16:47:26,438 INFO [capacityManagement] start correct usage

2020-10-19 16:47:26,444 INFO [capacityManagement] end correct usage, cost: 0s

2020-10-19 16:47:26,560 WARN clearConfigHistory start

2020-10-19 16:57:26,445 INFO [capacityManagement] start correct usage

2020-10-19 16:57:26,447 INFO [capacityManagement] end correct usage, cost: 0s

2020-10-19 16:57:26,569 WARN clearConfigHistory start

2020-10-19 17:07:26,447 INFO [capacityManagement] start correct usage

2020-10-19 17:07:26,448 INFO [capacityManagement] end correct usage, cost: 0s

2020-10-19 17:07:26,587 WARN clearConfigHistory start

2020-10-19 17:17:26,463 INFO [capacityManagement] start correct usage

2020-10-19 17:17:26,470 INFO [capacityManagement] end correct usage, cost: 0s

2020-10-19 17:17:26,602 WARN clearConfigHistory start

2020-10-19 17:27:26,478 INFO [capacityManagement] start correct usage

2020-10-19 17:27:26,479 INFO [capacityManagement] end correct usage, cost: 0s

2020-10-19 17:27:26,619 WARN clearConfigHistory start

2020-10-19 17:37:26,488 INFO [capacityManagement] start correct usage

2020-10-19 17:37:26,489 INFO [capacityManagement] end correct usage, cost: 0s

2020-10-19 17:37:26,628 WARN clearConfigHistory start

2020-10-19 17:47:26,500 INFO [capacityManagement] start correct usage

2020-10-19 17:47:26,506 INFO [capacityManagement] end correct usage, cost: 0s

2020-10-19 17:47:26,638 WARN clearConfigHistory start

2020-10-19 17:57:26,516 INFO [capacityManagement] start correct usage

2020-10-19 17:57:26,517 INFO [capacityManagement] end correct usage, cost: 0s

2020-10-19 17:57:26,643 WARN clearConfigHistory start

2020-10-19 18:07:26,524 INFO [capacityManagement] start correct usage

2020-10-19 18:07:26,525 INFO [capacityManagement] end correct usage, cost: 0s

2020-10-19 18:07:26,649 WARN clearConfigHistory start

2020-10-19 18:17:26,535 INFO [capacityManagement] start correct usage

2020-10-19 18:17:26,541 INFO [capacityManagement] end correct usage, cost: 0s

2020-10-19 18:17:26,660 WARN clearConfigHistory start

2020-10-19 18:27:26,550 INFO [capacityManagement] start correct usage

2020-10-19 18:27:26,551 INFO [capacityManagement] end correct usage, cost: 0s

2020-10-19 18:27:26,674 WARN clearConfigHistory start

2020-10-19 18:37:26,557 INFO [capacityManagement] start correct usage

2020-10-19 18:37:26,559 INFO [capacityManagement] end correct usage, cost: 0s

2020-10-19 18:37:26,680 WARN clearConfigHistory start

2020-10-19 18:47:26,568 INFO [capacityManagement] start correct usage

2020-10-19 18:47:26,569 INFO [capacityManagement] end correct usage, cost: 0s

2020-10-19 18:47:26,694 WARN clearConfigHistory start

2020-10-19 18:57:26,583 INFO [capacityManagement] start correct usage

2020-10-19 18:57:26,585 INFO [capacityManagement] end correct usage, cost: 0s

2020-10-19 18:57:26,708 WARN clearConfigHistory start

2020-10-19 19:07:26,601 INFO [capacityManagement] start correct usage

2020-10-19 19:07:26,610 INFO [capacityManagement] end correct usage, cost: 0s

2020-10-19 19:07:26,710 WARN clearConfigHistory start

2020-10-19 19:17:26,617 INFO [capacityManagement] start correct usage

2020-10-19 19:17:26,618 INFO [capacityManagement] end correct usage, cost: 0s

2020-10-19 19:17:26,725 WARN clearConfigHistory start

2020-10-19 19:27:26,633 INFO [capacityManagement] start correct usage

2020-10-19 19:27:26,634 INFO [capacityManagement] end correct usage, cost: 0s

2020-10-19 19:27:26,727 WARN clearConfigHistory start

2020-10-19 19:37:26,641 INFO [capacityManagement] start correct usage

2020-10-19 19:37:26,641 INFO [capacityManagement] end correct usage, cost: 0s

2020-10-19 19:37:26,733 WARN clearConfigHistory start

2020-10-19 19:47:26,642 INFO [capacityManagement] start correct usage

2020-10-19 19:47:26,654 INFO [capacityManagement] end correct usage, cost: 0s

2020-10-19 19:47:26,735 WARN clearConfigHistory start

2020-10-19 19:57:26,663 INFO [capacityManagement] start correct usage

2020-10-19 19:57:26,664 INFO [capacityManagement] end correct usage, cost: 0s

2020-10-19 19:57:26,740 WARN clearConfigHistory start

2020-10-19 20:07:26,665 INFO [capacityManagement] start correct usage

2020-10-19 20:07:26,666 INFO [capacityManagement] end correct usage, cost: 0s

2020-10-19 20:07:26,742 WARN clearConfigHistory start

2020-10-19 20:17:26,677 INFO [capacityManagement] start correct usage

2020-10-19 20:17:26,679 INFO [capacityManagement] end correct usage, cost: 0s

2020-10-19 20:17:26,755 WARN clearConfigHistory start

2020-10-19 20:27:26,682 INFO [capacityManagement] start correct usage

2020-10-19 20:27:26,683 INFO [capacityManagement] end correct usage, cost: 0s

2020-10-19 20:27:26,759 WARN clearConfigHistory start

2020-10-19 20:37:26,693 INFO [capacityManagement] start correct usage

2020-10-19 20:37:26,694 INFO [capacityManagement] end correct usage, cost: 0s

2020-10-19 20:37:26,770 WARN clearConfigHistory start

2020-10-19 20:47:26,694 INFO [capacityManagement] start correct usage

2020-10-19 20:47:26,695 INFO [capacityManagement] end correct usage, cost: 0s

2020-10-19 20:47:26,778 WARN clearConfigHistory start

2020-10-19 20:57:26,701 INFO [capacityManagement] start correct usage

2020-10-19 20:57:26,702 INFO [capacityManagement] end correct usage, cost: 0s

2020-10-19 20:57:26,793 WARN clearConfigHistory start

2020-10-19 21:07:26,703 INFO [capacityManagement] start correct usage

2020-10-19 21:07:26,705 INFO [capacityManagement] end correct usage, cost: 0s

2020-10-19 21:07:26,796 WARN clearConfigHistory start

2020-10-19 21:17:26,706 INFO [capacityManagement] start correct usage

2020-10-19 21:17:26,712 INFO [capacityManagement] end correct usage, cost: 0s

2020-10-19 21:17:26,800 WARN clearConfigHistory start

2020-10-19 21:27:26,717 INFO [capacityManagement] start correct usage

2020-10-19 21:27:26,719 INFO [capacityManagement] end correct usage, cost: 0s

2020-10-19 21:27:26,810 WARN clearConfigHistory start

2020-10-19 21:27:54,686 WARN [HttpClientManager] Start destroying HttpClient

2020-10-19 21:27:54,687 WARN [ThreadPoolManager] Start destroying ThreadPool

2020-10-19 21:27:54,687 WARN [NotifyCenter] Start destroying Publisher

2020-10-19 21:27:54,688 WARN [NotifyCenter] Destruction of the end

2020-10-19 21:27:54,692 WARN [HttpClientManager] Destruction of the end

2020-10-19 21:27:54,716 INFO Shutting down ExecutorService 'taskScheduler'

2020-10-19 21:27:54,720 INFO Shutting down ExecutorService 'applicationTaskExecutor'

