2020-10-19 16:17:56,567 INFO PERFORMANCE:|0|0|-1|-1

2020-10-19 16:22:56,581 INFO PERFORMANCE:|1|1|-1|-1

2020-10-19 16:27:56,594 INFO PERFORMANCE:|1|1|-1|-1

2020-10-19 16:32:56,608 INFO PERFORMANCE:|1|1|-1|-1

2020-10-19 16:37:56,618 INFO PERFORMANCE:|1|1|-1|-1

2020-10-19 16:42:56,631 INFO PERFORMANCE:|1|1|-1|-1

2020-10-19 16:47:56,634 INFO PERFORMANCE:|1|1|-1|-1

2020-10-19 16:52:56,648 INFO PERFORMANCE:|1|1|-1|-1

2020-10-19 16:57:56,653 INFO PERFORMANCE:|1|1|-1|-1

2020-10-19 17:02:56,657 INFO PERFORMANCE:|1|1|-1|-1

2020-10-19 17:07:56,661 INFO PERFORMANCE:|1|1|-1|-1

2020-10-19 17:12:56,674 INFO PERFORMANCE:|1|1|-1|-1

2020-10-19 17:17:56,674 INFO PERFORMANCE:|2|2|-1|-1

2020-10-19 17:22:56,689 INFO PERFORMANCE:|2|2|-1|-1

2020-10-19 17:27:56,691 INFO PERFORMANCE:|2|2|-1|-1

2020-10-19 17:32:56,693 INFO PERFORMANCE:|2|2|-1|-1

2020-10-19 17:37:56,704 INFO PERFORMANCE:|2|2|-1|-1

2020-10-19 17:42:56,705 INFO PERFORMANCE:|2|2|-1|-1

2020-10-19 17:47:56,709 INFO PERFORMANCE:|2|2|-1|-1

2020-10-19 17:52:56,719 INFO PERFORMANCE:|2|2|-1|-1

2020-10-19 17:57:56,728 INFO PERFORMANCE:|2|2|-1|-1

2020-10-19 18:02:56,741 INFO PERFORMANCE:|2|2|-1|-1

2020-10-19 18:07:56,754 INFO PERFORMANCE:|2|2|-1|-1

2020-10-19 18:12:56,769 INFO PERFORMANCE:|2|2|-1|-1

2020-10-19 18:17:56,772 INFO PERFORMANCE:|2|2|-1|-1

2020-10-19 18:22:56,778 INFO PERFORMANCE:|2|2|-1|-1

2020-10-19 18:27:56,790 INFO PERFORMANCE:|2|2|-1|-1

2020-10-19 18:32:56,798 INFO PERFORMANCE:|2|2|-1|-1

2020-10-19 18:37:56,810 INFO PERFORMANCE:|2|2|-1|-1

2020-10-19 18:42:56,813 INFO PERFORMANCE:|2|2|-1|-1

2020-10-19 18:47:56,818 INFO PERFORMANCE:|2|2|-1|-1

2020-10-19 18:52:56,825 INFO PERFORMANCE:|2|2|-1|-1

2020-10-19 18:57:56,835 INFO PERFORMANCE:|2|2|-1|-1

2020-10-19 19:02:56,848 INFO PERFORMANCE:|2|2|-1|-1

2020-10-19 19:07:56,857 INFO PERFORMANCE:|2|2|-1|-1

2020-10-19 19:12:56,870 INFO PERFORMANCE:|2|2|-1|-1

2020-10-19 19:17:56,881 INFO PERFORMANCE:|2|2|-1|-1

2020-10-19 19:22:56,882 INFO PERFORMANCE:|2|2|-1|-1

2020-10-19 19:27:56,895 INFO PERFORMANCE:|2|2|-1|-1

2020-10-19 19:32:56,901 INFO PERFORMANCE:|2|2|-1|-1

2020-10-19 19:37:56,913 INFO PERFORMANCE:|2|2|-1|-1

2020-10-19 19:42:56,938 INFO PERFORMANCE:|2|2|-1|-1

2020-10-19 19:47:56,942 INFO PERFORMANCE:|2|2|-1|-1

2020-10-19 19:52:56,944 INFO PERFORMANCE:|2|2|-1|-1

2020-10-19 19:57:56,950 INFO PERFORMANCE:|2|2|-1|-1

2020-10-19 20:02:56,963 INFO PERFORMANCE:|2|2|-1|-1

2020-10-19 20:07:56,970 INFO PERFORMANCE:|2|2|-1|-1

2020-10-19 20:12:56,984 INFO PERFORMANCE:|2|2|-1|-1

2020-10-19 20:17:56,992 INFO PERFORMANCE:|3|3|-1|-1

2020-10-19 20:22:56,999 INFO PERFORMANCE:|3|3|-1|-1

2020-10-19 20:27:57,013 INFO PERFORMANCE:|3|3|-1|-1

2020-10-19 20:32:57,028 INFO PERFORMANCE:|3|3|-1|-1

2020-10-19 20:37:57,040 INFO PERFORMANCE:|3|3|-1|-1

2020-10-19 20:42:57,056 INFO PERFORMANCE:|4|4|-1|-1

2020-10-19 20:47:57,062 INFO PERFORMANCE:|2|2|-1|-1

2020-10-19 20:52:57,070 INFO PERFORMANCE:|4|4|-1|-1

2020-10-19 20:57:57,079 INFO PERFORMANCE:|4|4|-1|-1

2020-10-19 21:02:57,082 INFO PERFORMANCE:|4|4|-1|-1

2020-10-19 21:07:57,084 INFO PERFORMANCE:|4|4|-1|-1

2020-10-19 21:12:57,085 INFO PERFORMANCE:|4|4|-1|-1

2020-10-19 21:17:57,100 INFO PERFORMANCE:|4|4|-1|-1

2020-10-19 21:22:57,110 INFO PERFORMANCE:|4|4|-1|-1

2020-10-19 21:27:57,116 INFO PERFORMANCE:|4|3|-1|-1

